<?xml version="1.0" encoding="UTF-8"?>
<!-- Generated by org.testng.reporters.JUnitReportReporter -->
<testsuite hostname="Vivekanand" failures="0" tests="1" name="PracticeCode.Practice1" time="0.033" errors="0" timestamp="2024-04-20T23:15:58 IST" skipped="0">
  <testcase classname="PracticeCode.Practice1" name="demo" time="0.033"/>
</testsuite> <!-- PracticeCode.Practice1 -->
